imkit/build/intermediates/manifest_merge_blame_file/debug/manifest-merger-blame-debug-report.txt
1<?xml version="1.0" encoding="utf-8"?>
2<manifest xmlns:android="http://schemas.android.com/apk/res/android"
3    package="io.rong.imkit" >
4
5    <uses-sdk
6        android:minSdkVersion="21"
6-->MyApplication\imkit\AndroidManifest.xml
7        android:targetSdkVersion="26" />
7-->MyApplication\imkit\AndroidManifest.xml
8    <!-- 访问相册，访问文件系统等 -->
9    <uses-permission android:name="android.permission.READ_EXTERNAL_STORAGE" />
9-->MyApplication\imkit\AndroidManifest.xml:4:5-80
9-->MyApplication\imkit\AndroidManifest.xml:4:22-77
10    <uses-permission android:name="android.permission.WRITE_EXTERNAL_STORAGE" />
10-->MyApplication\imkit\AndroidManifest.xml:5:5-80
10-->MyApplication\imkit\AndroidManifest.xml:5:22-78
11    <!-- 拍照 -->
12    <uses-permission android:name="android.permission.CAMERA" />
12-->MyApplication\imkit\AndroidManifest.xml:7:5-65
12-->MyApplication\imkit\AndroidManifest.xml:7:22-62
13    <!-- 拍照等 -->
14    <uses-permission android:name="android.permission.VIBRATE" />
14-->MyApplication\imkit\AndroidManifest.xml:9:5-66
14-->MyApplication\imkit\AndroidManifest.xml:9:22-63
15    <uses-permission android:name="android.permission.WRITE_SETTINGS" />
15-->MyApplication\imkit\AndroidManifest.xml:10:5-73
15-->MyApplication\imkit\AndroidManifest.xml:10:22-70
16    <!-- 网络 -->
17    <uses-permission android:name="android.permission.CHANGE_WIFI_STATE" />
17-->MyApplication\imkit\AndroidManifest.xml:12:5-76
17-->MyApplication\imkit\AndroidManifest.xml:12:22-73
18    <uses-permission android:name="android.permission.INTERNET" />
18-->MyApplication\imkit\AndroidManifest.xml:13:5-67
18-->MyApplication\imkit\AndroidManifest.xml:13:22-64
19    <uses-permission android:name="android.permission.ACCESS_NETWORK_STATE" />
19-->MyApplication\imkit\AndroidManifest.xml:14:5-79
19-->MyApplication\imkit\AndroidManifest.xml:14:22-76
20    <uses-permission android:name="android.permission.ACCESS_WIFI_STATE" />
20-->MyApplication\imkit\AndroidManifest.xml:15:5-76
20-->MyApplication\imkit\AndroidManifest.xml:15:22-73
21    <!-- 录音权限，语音消息使用 -->
22    <uses-permission android:name="android.permission.RECORD_AUDIO" />
22-->MyApplication\imkit\AndroidManifest.xml:17:5-71
22-->MyApplication\imkit\AndroidManifest.xml:17:22-68
23
24    <application android:supportsRtl="true" >
24-->MyApplication\imkit\AndroidManifest.xml:19:5-114:19
24-->MyApplication\imkit\AndroidManifest.xml:19:18-44
25        <activity
25-->MyApplication\imkit\AndroidManifest.xml:20:9-22:52
26            android:name="io.rong.imkit.conversationlist.RongConversationListActivity"
26-->MyApplication\imkit\AndroidManifest.xml:21:13-87
27            android:screenOrientation="portrait" />
27-->MyApplication\imkit\AndroidManifest.xml:22:13-49
28        <activity
28-->MyApplication\imkit\AndroidManifest.xml:23:9-25:52
29            android:name="io.rong.imkit.conversation.RongConversationActivity"
29-->MyApplication\imkit\AndroidManifest.xml:24:13-66
30            android:screenOrientation="portrait" />
30-->MyApplication\imkit\AndroidManifest.xml:25:13-49
31        <activity
31-->MyApplication\imkit\AndroidManifest.xml:27:9-29:52
32            android:name="io.rong.imkit.subconversationlist.RongSubConversationListActivity"
32-->MyApplication\imkit\AndroidManifest.xml:28:13-80
33            android:screenOrientation="portrait" />
33-->MyApplication\imkit\AndroidManifest.xml:29:13-49
34        <activity
34-->MyApplication\imkit\AndroidManifest.xml:30:9-32:52
35            android:name="io.rong.imkit.feature.mention.MentionMemberSelectActivity"
35-->MyApplication\imkit\AndroidManifest.xml:31:13-72
36            android:screenOrientation="portrait" />
36-->MyApplication\imkit\AndroidManifest.xml:32:13-49
37        <activity
37-->MyApplication\imkit\AndroidManifest.xml:34:9-36:52
38            android:name="io.rong.imkit.activity.RongWebviewActivity"
38-->MyApplication\imkit\AndroidManifest.xml:35:13-57
39            android:screenOrientation="portrait" />
39-->MyApplication\imkit\AndroidManifest.xml:36:13-49
40        <activity
40-->MyApplication\imkit\AndroidManifest.xml:38:9-45:20
41            android:name="io.rong.imkit.activity.FilePreviewActivity"
41-->MyApplication\imkit\AndroidManifest.xml:39:13-57
42            android:exported="false"
42-->MyApplication\imkit\AndroidManifest.xml:40:13-37
43            android:screenOrientation="portrait" >
43-->MyApplication\imkit\AndroidManifest.xml:41:13-49
44            <intent-filter>
44-->MyApplication\imkit\AndroidManifest.xml:42:13-44:29
45                <category android:name="android.intent.category.DEFAULT" />
45-->MyApplication\imkit\AndroidManifest.xml:43:17-76
45-->MyApplication\imkit\AndroidManifest.xml:43:27-73
46            </intent-filter>
47        </activity>
48        <activity
48-->MyApplication\imkit\AndroidManifest.xml:47:9-55:20
49            android:name="io.rong.imkit.activity.PicturePagerActivity"
49-->MyApplication\imkit\AndroidManifest.xml:48:13-58
50            android:configChanges="orientation|keyboardHidden|screenSize"
50-->MyApplication\imkit\AndroidManifest.xml:49:13-74
51            android:exported="false"
51-->MyApplication\imkit\AndroidManifest.xml:50:13-37
52            android:theme="@android:style/Theme.NoTitleBar.Fullscreen" >
52-->MyApplication\imkit\AndroidManifest.xml:51:13-71
53            <intent-filter>
53-->MyApplication\imkit\AndroidManifest.xml:42:13-44:29
54                <category android:name="android.intent.category.DEFAULT" />
54-->MyApplication\imkit\AndroidManifest.xml:43:17-76
54-->MyApplication\imkit\AndroidManifest.xml:43:27-73
55            </intent-filter>
56        </activity>
57        <activity
57-->MyApplication\imkit\AndroidManifest.xml:56:9-58:52
58            android:name="io.rong.imkit.activity.ForwardSelectConversationActivity"
58-->MyApplication\imkit\AndroidManifest.xml:57:13-71
59            android:screenOrientation="portrait" />
59-->MyApplication\imkit\AndroidManifest.xml:58:13-49
60        <activity
60-->MyApplication\imkit\AndroidManifest.xml:60:9-63:52
61            android:name="io.rong.imkit.activity.CombineWebViewActivity"
61-->MyApplication\imkit\AndroidManifest.xml:61:13-60
62            android:exported="false"
62-->MyApplication\imkit\AndroidManifest.xml:62:13-37
63            android:screenOrientation="portrait" />
63-->MyApplication\imkit\AndroidManifest.xml:63:13-49
64        <activity
64-->MyApplication\imkit\AndroidManifest.xml:65:9-68:52
65            android:name="io.rong.imkit.activity.WebFilePreviewActivity"
65-->MyApplication\imkit\AndroidManifest.xml:66:13-73
66            android:exported="false"
66-->MyApplication\imkit\AndroidManifest.xml:67:13-37
67            android:screenOrientation="portrait" />
67-->MyApplication\imkit\AndroidManifest.xml:68:13-49
68        <activity
68-->MyApplication\imkit\AndroidManifest.xml:70:9-73:74
69            android:name="io.rong.imkit.activity.CombinePicturePagerActivity"
69-->MyApplication\imkit\AndroidManifest.xml:71:13-78
70            android:exported="false"
70-->MyApplication\imkit\AndroidManifest.xml:72:13-37
71            android:theme="@android:style/Theme.NoTitleBar.Fullscreen" />
71-->MyApplication\imkit\AndroidManifest.xml:73:13-71
72        <activity
72-->MyApplication\imkit\AndroidManifest.xml:74:9-77:74
73            android:name="io.rong.imkit.activity.GIFPreviewActivity"
73-->MyApplication\imkit\AndroidManifest.xml:75:13-69
74            android:exported="false"
74-->MyApplication\imkit\AndroidManifest.xml:76:13-37
75            android:theme="@android:style/Theme.NoTitleBar.Fullscreen" />
75-->MyApplication\imkit\AndroidManifest.xml:77:13-71
76
77        <!-- start图库配置项 -->
78        <provider
78-->MyApplication\imkit\AndroidManifest.xml:81:9-89:20
79            android:name="io.rong.imkit.picture.PictureFileProvider"
79-->MyApplication\imkit\AndroidManifest.xml:82:13-56
80            android:authorities="${applicationId}.provider"
80-->MyApplication\imkit\AndroidManifest.xml:83:13-60
81            android:exported="false"
81-->MyApplication\imkit\AndroidManifest.xml:84:13-37
82            android:grantUriPermissions="true" >
82-->MyApplication\imkit\AndroidManifest.xml:85:13-47
83            <meta-data
83-->MyApplication\imkit\AndroidManifest.xml:86:13-88:56
84                android:name="android.support.FILE_PROVIDER_PATHS"
84-->MyApplication\imkit\AndroidManifest.xml:87:17-67
85                android:resource="@xml/rc_file_path" />
85-->MyApplication\imkit\AndroidManifest.xml:88:17-53
86        </provider>
87
88        <activity
88-->MyApplication\imkit\AndroidManifest.xml:91:9-94:52
89            android:name="io.rong.imkit.picture.PictureSelectorActivity"
89-->MyApplication\imkit\AndroidManifest.xml:92:13-60
90            android:configChanges="orientation|keyboardHidden|screenSize"
90-->MyApplication\imkit\AndroidManifest.xml:93:13-74
91            android:screenOrientation="portrait" />
91-->MyApplication\imkit\AndroidManifest.xml:94:13-49
92        <activity
92-->MyApplication\imkit\AndroidManifest.xml:95:9-99:64
93            android:name="io.rong.imkit.picture.PictureSelectorCameraEmptyActivity"
93-->MyApplication\imkit\AndroidManifest.xml:96:13-71
94            android:configChanges="orientation|keyboardHidden|screenSize"
94-->MyApplication\imkit\AndroidManifest.xml:97:13-74
95            android:screenOrientation="portrait"
95-->MyApplication\imkit\AndroidManifest.xml:98:13-49
96            android:theme="@style/Picture.Theme.Translucent" />
96-->MyApplication\imkit\AndroidManifest.xml:99:13-61
97        <activity
97-->MyApplication\imkit\AndroidManifest.xml:101:9-104:52
98            android:name="io.rong.imkit.picture.PicturePreviewActivity"
98-->MyApplication\imkit\AndroidManifest.xml:102:13-59
99            android:configChanges="orientation|keyboardHidden|screenSize"
99-->MyApplication\imkit\AndroidManifest.xml:103:13-74
100            android:screenOrientation="portrait" />
100-->MyApplication\imkit\AndroidManifest.xml:104:13-49
101        <activity
101-->MyApplication\imkit\AndroidManifest.xml:105:9-108:52
102            android:name="io.rong.imkit.picture.PictureVideoPlayActivity"
102-->MyApplication\imkit\AndroidManifest.xml:106:13-61
103            android:configChanges="orientation|keyboardHidden|screenSize"
103-->MyApplication\imkit\AndroidManifest.xml:107:13-74
104            android:screenOrientation="portrait" />
104-->MyApplication\imkit\AndroidManifest.xml:108:13-49
105        <!-- end图库配置项 -->
106
107        <meta-data
107-->MyApplication\imkit\AndroidManifest.xml:111:9-113:52
108            android:name="rc.imkit"
108-->MyApplication\imkit\AndroidManifest.xml:112:13-36
109            android:value="io.rong.imkit.RongIM" />
109-->MyApplication\imkit\AndroidManifest.xml:113:13-49
110    </application>
111
112</manifest>